<?xml version="1.0" encoding="UTF-8"?>
<testsuite name="test.java.FizzBuzzTest" time="0.012" tests="4" errors="0" skipped="0" failures="0">
  <properties>
    <property name="java.vendor" value="Oracle Corporation"/>
    <property name="JOB_NAME" value="Test"/>
    <property name="sun.java.launcher" value="SUN_STANDARD"/>
    <property name="windows_tracing_logfile" value="C:\BVTBin\Tests\installpackage\csilogfile.log"/>
    <property name="NUMBER_OF_PROCESSORS" value="4"/>
    <property name="sun.management.compiler" value="HotSpot 64-Bit Tiered Compilers"/>
    <property name="DEFLOGDIR" value="C:\ProgramData\McAfee\DesktopProtection"/>
    <property name="JENKINS_HOME" value="C:\jenkins_home\.jenkins"/>
    <property name="HUDSON_SERVER_COOKIE" value="1b4c3fd411d9191b"/>
    <property name="POM_ARTIFACTID" value="code-coverage-jacoco"/>
    <property name="os.name" value="Windows 7"/>
    <property name="sun.boot.class.path" value="C:\Program Files\Java\jre7\lib\resources.jar;C:\Program Files\Java\jre7\lib\rt.jar;C:\Program Files\Java\jre7\lib\sunrsasign.jar;C:\Program Files\Java\jre7\lib\jsse.jar;C:\Program Files\Java\jre7\lib\jce.jar;C:\Program Files\Java\jre7\lib\charsets.jar;C:\Program Files\Java\jre7\lib\jfr.jar;C:\Program Files\Java\jre7\classes"/>
    <property name="EXECUTOR_NUMBER" value="1"/>
    <property name="sun.desktop" value="windows"/>
    <property name="PATHEXT" value=".COM;.EXE;.BAT;.CMD;.VBS;.VBE;.JS;.JSE;.WSF;.WSH;.MSC"/>
    <property name="java.vm.specification.vendor" value="Oracle Corporation"/>
    <property name="POM_DISPLAYNAME" value="Code Coverage with Jacoco"/>
    <property name="NODE_LABELS" value="master"/>
    <property name="TEMP" value="C:\Windows\TEMP"/>
    <property name="java.runtime.version" value="1.7.0_45-b18"/>
    <property name="user.name" value="WN7X64-24BQZX1$"/>
    <property name="guice.disable.misplaced.annotation.check" value="true"/>
    <property name="CommonProgramW6432" value="C:\Program Files\Common Files"/>
    <property name="ProgramFiles" value="C:\Program Files"/>
    <property name="BPADir" value="C:\Program Files (x86)\Microsoft Team Foundation Server 2010 Power Tools\Best Practices Analyzer\"/>
    <property name="user.language" value="en"/>
    <property name="M2" value="C:\maven_3.2.1_home\bin"/>
    <property name="BUILD_DISPLAY_NAME" value="#182"/>
    <property name="sun.boot.library.path" value="C:\Program Files\Java\jre7\bin"/>
    <property name="SONAR_RUNNER_HOME" value="C:\sonar-runner"/>
    <property name="LOCALAPPDATA" value="C:\Windows\system32\config\systemprofile\AppData\Local"/>
    <property name="java.version" value="1.7.0_45"/>
    <property name="PROCESSOR_LEVEL" value="6"/>
    <property name="user.timezone" value="America/Sao_Paulo"/>
    <property name="USERNAME" value="WN7X64-24BQZX1$"/>
    <property name="sun.arch.data.model" value="64"/>
    <property name="NODE_NAME" value="master"/>
    <property name="java.endorsed.dirs" value="C:\Program Files\Java\jre7\lib\endorsed"/>
    <property name="BUILD_ID" value="2014-05-14_12-35-21"/>
    <property name="sun.cpu.isalist" value="amd64"/>
    <property name="sun.jnu.encoding" value="Cp1252"/>
    <property name="file.encoding.pkg" value="sun.io"/>
    <property name="file.separator" value="\"/>
    <property name="java.specification.name" value="Java Platform API Specification"/>
    <property name="java.class.version" value="51.0"/>
    <property name="user.country" value="US"/>
    <property name="ALLUSERSPROFILE" value="C:\ProgramData"/>
    <property name="java.home" value="C:\Program Files\Java\jre7"/>
    <property name="java.vm.info" value="mixed mode"/>
    <property name="os.version" value="6.1"/>
    <property name="POM_VERSION" value="1.0"/>
    <property name="TMP" value="C:\Windows\TEMP"/>
    <property name="path.separator" value=";"/>
    <property name="java.vm.version" value="24.45-b08"/>
    <property name="user.variant" value=""/>
    <property name="CommonProgramFiles(x86)" value="C:\Program Files (x86)\Common Files"/>
    <property name="java.awt.printerjob" value="sun.awt.windows.WPrinterJob"/>
    <property name="FP_NO_HOST_CHECK" value="NO"/>
    <property name="JAVA_HOME" value="C:\Program Files\Java\jdk1.7.0_45"/>
    <property name="sun.io.unicode.encoding" value="UnicodeLittle"/>
    <property name="CommonProgramFiles" value="C:\Program Files\Common Files"/>
    <property name="ComSpec" value="C:\Windows\system32\cmd.exe"/>
    <property name="awt.toolkit" value="sun.awt.windows.WToolkit"/>
    <property name="POM_PACKAGING" value="jar"/>
    <property name="SERVICE_ID" value="jenkins"/>
    <property name="COMPUTERNAME" value="WN7X64-24BQZX1"/>
    <property name="user.script" value=""/>
    <property name="POM_GROUPID" value="com.codecoveragejacoco"/>
    <property name="PUBLIC" value="C:\Users\Public"/>
    <property name="user.home" value="C:\"/>
    <property name="BUILD_TAG" value="jenkins-Test-182"/>
    <property name="JENKINS_SERVER_COOKIE" value="1b4c3fd411d9191b"/>
    <property name="HUDSON_URL" value="http://localhost:8080/"/>
    <property name="ProgramData" value="C:\ProgramData"/>
    <property name="java.specification.vendor" value="Oracle Corporation"/>
    <property name="USERPROFILE" value="C:\Windows\system32\config\systemprofile"/>
    <property name="CLASSPATH" value=""/>
    <property name="java.vendor.url" value="http://java.oracle.com/"/>
    <property name="java.library.path" value="C:\Windows\system32;C:\Windows\Sun\Java\bin;C:\Windows\system32;C:\Windows;C:\jenkins_home\.jenkins\tools\hudson.tasks.Maven_MavenInstallation\Maven_3.0.4/bin;C:\app\Alessandro_Chaves\OraHome_1\bin;c:\mw_12.1.2.1\bin;C:\oraclexe\app\oracle\product\11.2.0\server\bin;;C:\Windows\system32;C:\Windows;C:\Windows\System32\Wbem;C:\Windows\System32\WindowsPowerShell\v1.0\;C:\Program Files (x86)\Microsoft Application Virtualization Client;C:\Program Files\1E\NomadBranch\;C:\Program Files (x86)\Microsoft Team Foundation Server 2010 Power Tools\;C:\Program Files (x86)\Microsoft Team Foundation Server 2010 Power Tools\Best Practices Analyzer\;C:\orant\jdk\bin;C:\Program Files (x86)\Windows Kits\8.1\Windows Performance Toolkit\;C:\Program Files\Microsoft SQL Server\110\Tools\Binn\;%JAVA_HOME\bin%;C:\maven_3.2.1_home\bin;%SONAR_RUNNER_HOME\bin%;;."/>
    <property name="java.vm.vendor" value="Oracle Corporation"/>
    <property name="APPDATA" value="C:\Windows\system32\config\systemprofile\AppData\Roaming"/>
    <property name="java.runtime.name" value="Java(TM) SE Runtime Environment"/>
    <property name="maven.home" value="C:\jenkins_home\.jenkins\tools\hudson.tasks.Maven_MavenInstallation\Maven_3.0.4"/>
    <property name="java.class.path" value="C:\jenkins_home\.jenkins\plugins\maven-plugin\WEB-INF\lib\maven3-agent-1.4.jar;C:\jenkins_home\.jenkins\tools\hudson.tasks.Maven_MavenInstallation\Maven_3.0.4\boot\plexus-classworlds-2.4.jar"/>
    <property name="sun.java.command" value="org.jvnet.hudson.maven3.agent.Maven3Main C:\jenkins_home\.jenkins\tools\hudson.tasks.Maven_MavenInstallation\Maven_3.0.4 C:\jenkins_home\.jenkins\war\WEB-INF\lib\remoting-2.40.jar C:\jenkins_home\.jenkins\plugins\maven-plugin\WEB-INF\lib\maven3-interceptor-1.4.jar C:\jenkins_home\.jenkins\plugins\maven-plugin\WEB-INF\lib\maven3-interceptor-commons-1.4.jar 24477"/>
    <property name="Path" value="C:\app\Alessandro_Chaves\OraHome_1\bin;c:\mw_12.1.2.1\bin;C:\oraclexe\app\oracle\product\11.2.0\server\bin;;C:\Windows\system32;C:\Windows;C:\Windows\System32\Wbem;C:\Windows\System32\WindowsPowerShell\v1.0\;C:\Program Files (x86)\Microsoft Application Virtualization Client;C:\Program Files\1E\NomadBranch\;C:\Program Files (x86)\Microsoft Team Foundation Server 2010 Power Tools\;C:\Program Files (x86)\Microsoft Team Foundation Server 2010 Power Tools\Best Practices Analyzer\;C:\orant\jdk\bin;C:\Program Files (x86)\Windows Kits\8.1\Windows Performance Toolkit\;C:\Program Files\Microsoft SQL Server\110\Tools\Binn\;%JAVA_HOME\bin%;C:\maven_3.2.1_home\bin;%SONAR_RUNNER_HOME\bin%;"/>
    <property name="VS120COMNTOOLS" value="C:\Program Files (x86)\Microsoft Visual Studio 12.0\Common7\Tools\"/>
    <property name="java.vm.specification.name" value="Java Virtual Machine Specification"/>
    <property name="PROCESSOR_ARCHITECTURE" value="AMD64"/>
    <property name="PROCESSOR_IDENTIFIER" value="Intel64 Family 6 Model 58 Stepping 9, GenuineIntel"/>
    <property name="java.vm.specification.version" value="1.7"/>
    <property name="sun.os.patch.level" value="Service Pack 1"/>
    <property name="sun.cpu.endian" value="little"/>
    <property name="M2_HOME" value="C:\jenkins_home\.jenkins\tools\hudson.tasks.Maven_MavenInstallation\Maven_3.0.4"/>
    <property name="java.io.tmpdir" value="C:\Windows\TEMP\"/>
    <property name="OS" value="Windows_NT"/>
    <property name="HUDSON_HOME" value="C:\jenkins_home\.jenkins"/>
    <property name="PATH+MAVEN" value="C:\jenkins_home\.jenkins\tools\hudson.tasks.Maven_MavenInstallation\Maven_3.0.4/bin"/>
    <property name="ProgramFiles(x86)" value="C:\Program Files (x86)"/>
    <property name="BUILD_URL" value="http://localhost:8080/job/Test/182/"/>
    <property name="java.vendor.url.bug" value="http://bugreport.sun.com/bugreport/"/>
    <property name="WLHOME" value="C:\mw_12.1.2.1"/>
    <property name="TFSPowerToolDir" value="C:\Program Files (x86)\Microsoft Team Foundation Server 2010 Power Tools\"/>
    <property name="java.awt.graphicsenv" value="sun.awt.Win32GraphicsEnvironment"/>
    <property name="os.arch" value="amd64"/>
    <property name="SystemRoot" value="C:\Windows"/>
    <property name="VSEDEFLOGDIR" value="C:\ProgramData\McAfee\DesktopProtection"/>
    <property name="windows_tracing_flags" value="3"/>
    <property name="java.ext.dirs" value="C:\Program Files\Java\jre7\lib\ext;C:\Windows\Sun\Java\lib\ext"/>
    <property name="user.dir" value="C:\Users\ribeiro_josivan\Documents\josivan\workspace\code-coverage-jacoco"/>
    <property name="JOB_URL" value="http://localhost:8080/job/Test/"/>
    <property name="USERDOMAIN" value="AMERICAS"/>
    <property name="line.separator" value="&#10;"/>
    <property name="MAVEN_HOME" value="C:\jenkins_home\.jenkins\tools\hudson.tasks.Maven_MavenInstallation\Maven_3.0.4"/>
    <property name="java.vm.name" value="Java HotSpot(TM) 64-Bit Server VM"/>
    <property name="BUILD_NUMBER" value="182"/>
    <property name="BASE" value="C:\jenkins_home\.jenkins"/>
    <property name="JENKINS_URL" value="http://localhost:8080/"/>
    <property name="PROCESSOR_REVISION" value="3a09"/>
    <property name="UATDATA" value="C:\Windows\CCM\UATData\D9F8C395-CAB8-491d-B8AC-179A1FE1BE77"/>
    <property name="ProgramW6432" value="C:\Program Files"/>
    <property name="windir" value="C:\Windows"/>
    <property name="file.encoding" value="Cp1252"/>
    <property name="SystemDrive" value="C:"/>
    <property name="maven3.interceptor" value="C:\jenkins_home\.jenkins\plugins\maven-plugin\WEB-INF\lib\maven3-interceptor-1.4.jar"/>
    <property name="WORKSPACE" value="C:\jenkins_home\.jenkins\jobs\Test\workspace"/>
    <property name="maven3.interceptor.common" value="C:\jenkins_home\.jenkins\plugins\maven-plugin\WEB-INF\lib\maven3-interceptor-commons-1.4.jar"/>
    <property name="WINSW_EXECUTABLE" value="C:\jenkins_home\.jenkins\jenkins.exe"/>
    <property name="java.specification.version" value="1.7"/>
    <property name="PSModulePath" value="C:\Windows\system32\WindowsPowerShell\v1.0\Modules\"/>
  </properties>
  <testcase name="getFizzBuzzWord_NumberIsMultipleOfFive_ShouldReturnBuzz" classname="test.java.FizzBuzzTest" time="0.01"/>
  <testcase name="getFizzBuzzWord_NumberIsMultipleOfThree_ShouldReturnFizz" classname="test.java.FizzBuzzTest" time="0"/>
  <testcase name="getFizzBuzzWord_NumberIsMultipleOfThreeAndFive_ShouldReturnFizzBuzz" classname="test.java.FizzBuzzTest" time="0"/>
  <testcase name="getFizzBuzzWord_NumberIsNotMultipleOfThreeOrFive_ShouldReturnNull" classname="test.java.FizzBuzzTest" time="0.002"/>
</testsuite>